<?xml version="1.0" encoding="UTF-8"?>
<!-- Generated by org.testng.reporters.JUnitReportReporter -->
<testsuite hostname="9GV3C62" name="COM.FTR.ASR.ASR_ED_Order_REG" tests="1" failures="0" timestamp="24 Mar 2016 19:25:24 GMT" time="18.831" errors="0">
  <testcase name="ASR_ED_OrderCreation" time="18.831" classname="COM.FTR.ASR.ASR_ED_Order_REG"/>
</testsuite> <!-- COM.FTR.ASR.ASR_ED_Order_REG -->
