<?xml version="1.0" encoding="UTF-8"?>
<!-- Generated by org.testng.reporters.JUnitReportReporter -->
<testsuite hostname="9GV3C62" name="COM.FTR.ASR.Login" tests="1" failures="0" timestamp="9 Feb 2016 00:25:38 GMT" time="0.010" errors="0">
  <testcase name="f" time="0.010" classname="COM.FTR.ASR.Login"/>
</testsuite> <!-- COM.FTR.ASR.Login -->
