<?xml version="1.0" encoding="UTF-8"?>
<!-- Generated by org.testng.reporters.JUnitReportReporter -->
<testsuite hostname="9GV3C62" name="COM.FTR.ASR.NewTest" tests="1" failures="0" timestamp="25 Feb 2016 23:55:49 GMT" time="2.994" errors="0">
  <testcase name="Log4jTest" time="2.994" classname="COM.FTR.ASR.NewTest"/>
</testsuite> <!-- COM.FTR.ASR.NewTest -->
