<?xml version="1.0" encoding="UTF-8"?>
<!-- Generated by org.testng.reporters.JUnitReportReporter -->
<testsuite hostname="9GV3C62" name="COM.FTR.ASR.ASR_SD_Order_REG" tests="1" failures="0" timestamp="19 Feb 2016 00:07:18 GMT" time="18.168" errors="0">
  <testcase name="ASR_ED_OrderCreation" time="18.168" classname="COM.FTR.ASR.ASR_SD_Order_REG"/>
</testsuite> <!-- COM.FTR.ASR.ASR_SD_Order_REG -->
