<?xml version="1.0" encoding="UTF-8"?>
<!-- Generated by org.testng.reporters.JUnitReportReporter -->
<testsuite hostname="9GV3C62" name="COM.FTR.ASR.ASR_ED_Order" tests="1" failures="0" timestamp="17 Feb 2016 01:31:39 GMT" time="21.988" errors="0">
  <testcase name="ASR_ED_OrderCreation" time="21.988" classname="COM.FTR.ASR.ASR_ED_Order"/>
</testsuite> <!-- COM.FTR.ASR.ASR_ED_Order -->
