<?xml version="1.0" encoding="UTF-8"?>
<!-- Generated by org.testng.reporters.JUnitReportReporter -->
<testsuite hostname="9GV3C62" name="COM.FTR.ASR.Ex_Log4j" tests="1" failures="0" timestamp="26 Feb 2016 00:08:25 GMT" time="3.322" errors="0">
  <testcase name="Log4jTest" time="3.322" classname="COM.FTR.ASR.Ex_Log4j"/>
</testsuite> <!-- COM.FTR.ASR.Ex_Log4j -->
