<?xml version="1.0" encoding="UTF-8"?>
<!-- Generated by org.testng.reporters.JUnitReportReporter -->
<testsuite hostname="9GV3C62" name="COM.FTR.ASR.ASR_ED_Order_FUN" tests="1" failures="0" timestamp="19 Feb 2016 00:02:38 GMT" time="23.147" errors="0">
  <testcase name="ASR_ED_OrderCreation" time="23.147" classname="COM.FTR.ASR.ASR_ED_Order_FUN"/>
</testsuite> <!-- COM.FTR.ASR.ASR_ED_Order_FUN -->
